<?xml version="1.0" encoding="UTF-8"?>
<testsuite name="hello.HelloTest" tests="2" skipped="0" failures="0" errors="0" timestamp="2019-03-25T14:48:46" hostname="tc405-112-02.insa-lyon.fr" time="0.086">
  <properties/>
  <testcase name="check_null" classname="hello.HelloTest" time="0.081"/>
  <testcase name="check" classname="hello.HelloTest" time="0.004"/>
  <system-out><![CDATA[]]></system-out>
  <system-err><![CDATA[]]></system-err>
</testsuite>
